<?xml version="1.0" encoding="UTF-8"?>
<Site BuildName="Win32-ninja"
	BuildStamp="20240510-1812-Experimental"
	Name="DESKTOP-TU1AC6I"
	Generator="ctest-3.25.2"
	CompilerName="C:/msys64/mingw64/bin/g++.exe"
	CompilerVersion="12.2.0"
	OSName="Windows"
	Hostname="DESKTOP-TU1AC6I"
	OSRelease=" Professional"
	OSVersion=" (Build 19045)"
	OSPlatform="AMD64"
	Is64Bits="1"
	VendorString="AuthenticAMD"
	VendorID="Advanced Micro Devices"
	FamilyID="15"
	ModelID="1"
	ProcessorCacheSize="64"
	NumberOfLogicalCPU="12"
	NumberOfPhysicalCPU="6"
	TotalVirtualMemory="31166"
	TotalPhysicalMemory="16318"
	LogicalProcessorsPerPhysical="2"
	ProcessorClockFrequency="3593"
	>
	<Testing>
		<StartDateTime>May 10 15:55 Eastern Daylight Time</StartDateTime>
		<StartTestTime>1715370908</StartTestTime>
		<TestList/>
		<EndDateTime>May 10 15:55 Eastern Daylight Time</EndDateTime>
		<EndTestTime>1715370908</EndTestTime>
		<ElapsedMinutes>0</ElapsedMinutes>
	</Testing>
</Site>
